<?xml version="1.0" encoding="UTF-8" ?>
<testsuite tests="50" failures="4" name="com.test.Proj2.AppTest" time="0.019" errors="0" skipped="0">
  <properties>
[...]
</properties>
  <testcase classname="com.test.Proj2.AppTest" name="testedited" time="0.011">
    <failure message="expected:&lt;[1]&gt; but was:&lt;[2]&gt;" type="junit.framework.ComparisonFailure">junit.framework.ComparisonFailure: expected:&lt;[1]&gt; but was:&lt;[2]&gt;
	at junit.framework.Assert.assertEquals(Assert.java:100)
	at junit.framework.Assert.assertEquals(Assert.java:107)
	at junit.framework.TestCase.assertEquals(TestCase.java:269)
	at com.test.Proj2.AppTest.testedited(AppTest.java:50)
	at sun.reflect.NativeMethodAccessorImpl.invoke0(Native Method)
	at sun.reflect.NativeMethodAccessorImpl.invoke(NativeMethodAccessorImpl.java:62)
	at sun.reflect.DelegatingMethodAccessorImpl.invoke(DelegatingMethodAccessorImpl.java:43)
	at java.lang.reflect.Method.invoke(Method.java:498)
	at junit.framework.TestCase.runTest(TestCase.java:176)
	at junit.framework.TestCase.runBare(TestCase.java:141)
	at junit.framework.TestResult$1.protect(TestResult.java:122)
	at junit.framework.TestResult.runProtected(TestResult.java:142)
	at junit.framework.TestResult.run(TestResult.java:125)
	at junit.framework.TestCase.run(TestCase.java:129)
	at junit.framework.TestSuite.runTest(TestSuite.java:255)
	at junit.framework.TestSuite.run(TestSuite.java:250)
	at org.junit.internal.runners.JUnit38ClassRunner.run(JUnit38ClassRunner.java:84)
	at org.apache.maven.surefire.junit4.JUnit4Provider.execute(JUnit4Provider.java:252)
	at org.apache.maven.surefire.junit4.JUnit4Provider.executeTestSet(JUnit4Provider.java:141)
	at org.apache.maven.surefire.junit4.JUnit4Provider.invoke(JUnit4Provider.java:112)
	at sun.reflect.NativeMethodAccessorImpl.invoke0(Native Method)
	at sun.reflect.NativeMethodAccessorImpl.invoke(NativeMethodAccessorImpl.java:62)
	at sun.reflect.DelegatingMethodAccessorImpl.invoke(DelegatingMethodAccessorImpl.java:43)
	at java.lang.reflect.Method.invoke(Method.java:498)
	at org.apache.maven.surefire.util.ReflectionUtils.invokeMethodWithArray(ReflectionUtils.java:189)
	at org.apache.maven.surefire.booter.ProviderFactory$ProviderProxy.invoke(ProviderFactory.java:165)
	at org.apache.maven.surefire.booter.ProviderFactory.invokeProvider(ProviderFactory.java:85)
	at org.apache.maven.surefire.booter.ForkedBooter.runSuitesInProcess(ForkedBooter.java:115)
	at org.apache.maven.surefire.booter.ForkedBooter.main(ForkedBooter.java:75)
</failure>
  </testcase>
  <testcase classname="com.test.Proj2.AppTest" name="testApp10" time="0"/>
  <testcase classname="com.test.Proj2.AppTest" name="testApp11" time="0"/>
  <testcase classname="com.test.Proj2.AppTest" name="testApp12" time="0"/>
  <testcase classname="com.test.Proj2.AppTest" name="testApp13" time="0"/>
  <testcase classname="com.test.Proj2.AppTest" name="testApp14" time="0"/>
  <testcase classname="com.test.Proj2.AppTest" name="testApp15" time="0"/>
  <testcase classname="com.test.Proj2.AppTest" name="testApp16" time="0"/>
  <testcase classname="com.test.Proj2.AppTest" name="testApp17" time="0"/>
  <testcase classname="com.test.Proj2.AppTest" name="testApp18" time="0"/>
  <testcase classname="com.test.Proj2.AppTest" name="testApp19" time="0"/>
  <testcase classname="com.test.Proj2.AppTest" name="testApp20" time="0"/>
  <testcase classname="com.test.Proj2.AppTest" name="testApp21" time="0"/>
  <testcase classname="com.test.Proj2.AppTest" name="testApp22" time="0.001"/>
  <testcase classname="com.test.Proj2.AppTest" name="testApp23" time="0">
    <failure message="expected:&lt;[2]&gt; but was:&lt;[1]&gt;" type="junit.framework.ComparisonFailure">junit.framework.ComparisonFailure: expected:&lt;[2]&gt; but was:&lt;[1]&gt;
	at junit.framework.Assert.assertEquals(Assert.java:100)
	at junit.framework.Assert.assertEquals(Assert.java:107)
	at junit.framework.TestCase.assertEquals(TestCase.java:269)
	at com.test.Proj2.AppTest.testApp23(AppTest.java:119)
	at sun.reflect.NativeMethodAccessorImpl.invoke0(Native Method)
	at sun.reflect.NativeMethodAccessorImpl.invoke(NativeMethodAccessorImpl.java:62)
	at sun.reflect.DelegatingMethodAccessorImpl.invoke(DelegatingMethodAccessorImpl.java:43)
	at java.lang.reflect.Method.invoke(Method.java:498)
	at junit.framework.TestCase.runTest(TestCase.java:176)
	at junit.framework.TestCase.runBare(TestCase.java:141)
	at junit.framework.TestResult$1.protect(TestResult.java:122)
	at junit.framework.TestResult.runProtected(TestResult.java:142)
	at junit.framework.TestResult.run(TestResult.java:125)
	at junit.framework.TestCase.run(TestCase.java:129)
	at junit.framework.TestSuite.runTest(TestSuite.java:255)
	at junit.framework.TestSuite.run(TestSuite.java:250)
	at org.junit.internal.runners.JUnit38ClassRunner.run(JUnit38ClassRunner.java:84)
	at org.apache.maven.surefire.junit4.JUnit4Provider.execute(JUnit4Provider.java:252)
	at org.apache.maven.surefire.junit4.JUnit4Provider.executeTestSet(JUnit4Provider.java:141)
	at org.apache.maven.surefire.junit4.JUnit4Provider.invoke(JUnit4Provider.java:112)
	at sun.reflect.NativeMethodAccessorImpl.invoke0(Native Method)
	at sun.reflect.NativeMethodAccessorImpl.invoke(NativeMethodAccessorImpl.java:62)
	at sun.reflect.DelegatingMethodAccessorImpl.invoke(DelegatingMethodAccessorImpl.java:43)
	at java.lang.reflect.Method.invoke(Method.java:498)
	at org.apache.maven.surefire.util.ReflectionUtils.invokeMethodWithArray(ReflectionUtils.java:189)
	at org.apache.maven.surefire.booter.ProviderFactory$ProviderProxy.invoke(ProviderFactory.java:165)
	at org.apache.maven.surefire.booter.ProviderFactory.invokeProvider(ProviderFactory.java:85)
	at org.apache.maven.surefire.booter.ForkedBooter.runSuitesInProcess(ForkedBooter.java:115)
	at org.apache.maven.surefire.booter.ForkedBooter.main(ForkedBooter.java:75)
</failure>
  </testcase>
  <testcase classname="com.test.Proj2.AppTest" name="testApp24" time="0.001">
    <failure message="expected:&lt;[4]&gt; but was:&lt;[1]&gt;" type="junit.framework.ComparisonFailure">junit.framework.ComparisonFailure: expected:&lt;[4]&gt; but was:&lt;[1]&gt;
	at junit.framework.Assert.assertEquals(Assert.java:100)
	at junit.framework.Assert.assertEquals(Assert.java:107)
	at junit.framework.TestCase.assertEquals(TestCase.java:269)
	at com.test.Proj2.AppTest.testApp24(AppTest.java:122)
	at sun.reflect.NativeMethodAccessorImpl.invoke0(Native Method)
	at sun.reflect.NativeMethodAccessorImpl.invoke(NativeMethodAccessorImpl.java:62)
	at sun.reflect.DelegatingMethodAccessorImpl.invoke(DelegatingMethodAccessorImpl.java:43)
	at java.lang.reflect.Method.invoke(Method.java:498)
	at junit.framework.TestCase.runTest(TestCase.java:176)
	at junit.framework.TestCase.runBare(TestCase.java:141)
	at junit.framework.TestResult$1.protect(TestResult.java:122)
	at junit.framework.TestResult.runProtected(TestResult.java:142)
	at junit.framework.TestResult.run(TestResult.java:125)
	at junit.framework.TestCase.run(TestCase.java:129)
	at junit.framework.TestSuite.runTest(TestSuite.java:255)
	at junit.framework.TestSuite.run(TestSuite.java:250)
	at org.junit.internal.runners.JUnit38ClassRunner.run(JUnit38ClassRunner.java:84)
	at org.apache.maven.surefire.junit4.JUnit4Provider.execute(JUnit4Provider.java:252)
	at org.apache.maven.surefire.junit4.JUnit4Provider.executeTestSet(JUnit4Provider.java:141)
	at org.apache.maven.surefire.junit4.JUnit4Provider.invoke(JUnit4Provider.java:112)
	at sun.reflect.NativeMethodAccessorImpl.invoke0(Native Method)
	at sun.reflect.NativeMethodAccessorImpl.invoke(NativeMethodAccessorImpl.java:62)
	at sun.reflect.DelegatingMethodAccessorImpl.invoke(DelegatingMethodAccessorImpl.java:43)
	at java.lang.reflect.Method.invoke(Method.java:498)
	at org.apache.maven.surefire.util.ReflectionUtils.invokeMethodWithArray(ReflectionUtils.java:189)
	at org.apache.maven.surefire.booter.ProviderFactory$ProviderProxy.invoke(ProviderFactory.java:165)
	at org.apache.maven.surefire.booter.ProviderFactory.invokeProvider(ProviderFactory.java:85)
	at org.apache.maven.surefire.booter.ForkedBooter.runSuitesInProcess(ForkedBooter.java:115)
	at org.apache.maven.surefire.booter.ForkedBooter.main(ForkedBooter.java:75)
</failure>
  </testcase>
  <testcase classname="com.test.Proj2.AppTest" name="testApp25" time="0"/>
  <testcase classname="com.test.Proj2.AppTest" name="testApp26" time="0.001"/>
  <testcase classname="com.test.Proj2.AppTest" name="testApp28" time="0"/>
  <testcase classname="com.test.Proj2.AppTest" name="testApp29" time="0"/>
  <testcase classname="com.test.Proj2.AppTest" name="testApp30" time="0.001"/>
  <testcase classname="com.test.Proj2.AppTest" name="testApp31" time="0"/>
  <testcase classname="com.test.Proj2.AppTest" name="testApp32" time="0.001"/>
  <testcase classname="com.test.Proj2.AppTest" name="testApp33" time="0"/>
  <testcase classname="com.test.Proj2.AppTest" name="testApp34" time="0"/>
  <testcase classname="com.test.Proj2.AppTest" name="testApp35" time="0"/>
  <testcase classname="com.test.Proj2.AppTest" name="testApp36" time="0"/>
  <testcase classname="com.test.Proj2.AppTest" name="testApp37" time="0"/>
  <testcase classname="com.test.Proj2.AppTest" name="testApp38" time="0"/>
  <testcase classname="com.test.Proj2.AppTest" name="testApp39" time="0.001"/>
  <testcase classname="com.test.Proj2.AppTest" name="testApp40" time="0"/>
  <testcase classname="com.test.Proj2.AppTest" name="testApp41" time="0"/>
  <testcase classname="com.test.Proj2.AppTest" name="testApp42" time="0"/>
  <testcase classname="com.test.Proj2.AppTest" name="testApp43" time="0"/>
  <testcase classname="com.test.Proj2.AppTest" name="testApp44" time="0"/>
  <testcase classname="com.test.Proj2.AppTest" name="testApp45" time="0"/>
  <testcase classname="com.test.Proj2.AppTest" name="testApp46" time="0"/>
  <testcase classname="com.test.Proj2.AppTest" name="testApp47" time="0"/>
  <testcase classname="com.test.Proj2.AppTest" name="testApp48" time="0"/>
  <testcase classname="com.test.Proj2.AppTest" name="testApp49" time="0"/>
  <testcase classname="com.test.Proj2.AppTest" name="testApp50" time="0.001"/>
  <testcase classname="com.test.Proj2.AppTest" name="testApp51" time="0"/>
  <testcase classname="com.test.Proj2.AppTest" name="testApp52" time="0"/>
  <testcase classname="com.test.Proj2.AppTest" name="testApp3" time="0"/>
  <testcase classname="com.test.Proj2.AppTest" name="testApp4" time="0.001">
    <failure message="expected:&lt;[one]&gt; but was:&lt;[two]&gt;" type="junit.framework.ComparisonFailure">junit.framework.ComparisonFailure: expected:&lt;[one]&gt; but was:&lt;[two]&gt;
	at junit.framework.Assert.assertEquals(Assert.java:100)
	at junit.framework.Assert.assertEquals(Assert.java:107)
	at junit.framework.TestCase.assertEquals(TestCase.java:269)
	at com.test.Proj2.AppTest.testApp4(AppTest.java:58)
	at sun.reflect.NativeMethodAccessorImpl.invoke0(Native Method)
	at sun.reflect.NativeMethodAccessorImpl.invoke(NativeMethodAccessorImpl.java:62)
	at sun.reflect.DelegatingMethodAccessorImpl.invoke(DelegatingMethodAccessorImpl.java:43)
	at java.lang.reflect.Method.invoke(Method.java:498)
	at junit.framework.TestCase.runTest(TestCase.java:176)
	at junit.framework.TestCase.runBare(TestCase.java:141)
	at junit.framework.TestResult$1.protect(TestResult.java:122)
	at junit.framework.TestResult.runProtected(TestResult.java:142)
	at junit.framework.TestResult.run(TestResult.java:125)
	at junit.framework.TestCase.run(TestCase.java:129)
	at junit.framework.TestSuite.runTest(TestSuite.java:255)
	at junit.framework.TestSuite.run(TestSuite.java:250)
	at org.junit.internal.runners.JUnit38ClassRunner.run(JUnit38ClassRunner.java:84)
	at org.apache.maven.surefire.junit4.JUnit4Provider.execute(JUnit4Provider.java:252)
	at org.apache.maven.surefire.junit4.JUnit4Provider.executeTestSet(JUnit4Provider.java:141)
	at org.apache.maven.surefire.junit4.JUnit4Provider.invoke(JUnit4Provider.java:112)
	at sun.reflect.NativeMethodAccessorImpl.invoke0(Native Method)
	at sun.reflect.NativeMethodAccessorImpl.invoke(NativeMethodAccessorImpl.java:62)
	at sun.reflect.DelegatingMethodAccessorImpl.invoke(DelegatingMethodAccessorImpl.java:43)
	at java.lang.reflect.Method.invoke(Method.java:498)
	at org.apache.maven.surefire.util.ReflectionUtils.invokeMethodWithArray(ReflectionUtils.java:189)
	at org.apache.maven.surefire.booter.ProviderFactory$ProviderProxy.invoke(ProviderFactory.java:165)
	at org.apache.maven.surefire.booter.ProviderFactory.invokeProvider(ProviderFactory.java:85)
	at org.apache.maven.surefire.booter.ForkedBooter.runSuitesInProcess(ForkedBooter.java:115)
	at org.apache.maven.surefire.booter.ForkedBooter.main(ForkedBooter.java:75)
</failure>
  </testcase>
  <testcase classname="com.test.Proj2.AppTest" name="testApp5" time="0"/>
  <testcase classname="com.test.Proj2.AppTest" name="testApp6" time="0"/>
  <testcase classname="com.test.Proj2.AppTest" name="testApp7" time="0"/>
  <testcase classname="com.test.Proj2.AppTest" name="testApp8" time="0"/>
  <testcase classname="com.test.Proj2.AppTest" name="testApp9" time="0"/>
</testsuite>